<?xml version="1.0" encoding="UTF-8"?>
<!-- Generated by org.testng.reporters.JUnitReportReporter -->
<testsuite hostname="DESKTOP-2J0GGEI" failures="0" tests="1" name="org.parallelExecution.Yamaha" time="10.451" errors="0" timestamp="2025-06-26T13:41:38 IST" skipped="0">
  <testcase classname="org.parallelExecution.Yamaha" name="launchR1" time="10.451">
    <system-out>
      <![CDATA[Launching R1 official website]]>
    </system-out>
  </testcase> <!-- launchR1 -->
  <system-out>
    <![CDATA[Launching Haelry official website
Launching 42Bobber official website
Launching R1 official website
Launching hayabusa official website
Launching perak official website]]>
  </system-out>
</testsuite> <!-- org.parallelExecution.Yamaha -->
