<?xml version="1.0" encoding="UTF-8"?>
<!-- Generated by org.testng.reporters.JUnitReportReporter -->
<testsuite hostname="DESKTOP-2J0GGEI" failures="0" tests="2" name="org.testScript.UnderstandingTestNG" time="0.027" errors="0" timestamp="2025-06-21T14:12:25 IST" skipped="0">
  <testcase classname="org.testScript.UnderstandingTestNG" name="test" time="0.023"/>
  <testcase classname="org.testScript.UnderstandingTestNG" name="test1" time="0.004"/>
</testsuite> <!-- org.testScript.UnderstandingTestNG -->
