<?xml version="1.0" encoding="UTF-8"?>
<!-- Generated by org.testng.reporters.JUnitReportReporter -->
<testsuite hostname="DESKTOP-2J0GGEI" failures="0" tests="1" name="org.generic_utilities.BaseTest" time="4.290" errors="0" timestamp="2025-07-05T18:28:52 IST" skipped="0">
  <testcase classname="org.generic_utilities.BaseTest" name="launchApplication" time="4.290"/>
</testsuite> <!-- org.generic_utilities.BaseTest -->
