<?xml version="1.0" encoding="UTF-8"?>
<!-- Generated by org.testng.reporters.JUnitReportReporter -->
<testsuite hostname="DESKTOP-2J0GGEI" failures="0" tests="2" name="org.crossBrowserExecutionclasses.Faasos" time="15.137" errors="0" timestamp="2025-06-27T13:44:46 IST" skipped="0">
  <testcase classname="org.crossBrowserExecutionclasses.Faasos" name="launchApplication" time="6.542"/>
  <testcase classname="org.crossBrowserExecutionclasses.Faasos" name="launchApplication" time="8.595"/>
</testsuite> <!-- org.crossBrowserExecutionclasses.Faasos -->
