<?xml version="1.0" encoding="UTF-8"?>
<!-- Generated by org.testng.reporters.JUnitReportReporter -->
<testsuite hostname="DESKTOP-2J0GGEI" failures="0" tests="1" name="org.parallelExecution.Hero" time="27.396" errors="0" timestamp="2025-06-26T13:41:38 IST" skipped="0">
  <testcase classname="org.parallelExecution.Hero" name="launchingHarleyBike" time="27.396">
    <system-out>
      <![CDATA[Launching Haelry official website]]>
    </system-out>
  </testcase> <!-- launchingHarleyBike -->
  <system-out>
    <![CDATA[Launching Haelry official website
Launching 42Bobber official website
Launching R1 official website
Launching hayabusa official website
Launching perak official website]]>
  </system-out>
</testsuite> <!-- org.parallelExecution.Hero -->
