<?xml version="1.0" encoding="UTF-8"?>
<!-- Generated by org.testng.reporters.JUnitReportReporter -->
<testsuite hostname="DESKTOP-2J0GGEI" failures="0" tests="2" name="org.batchexecution.Jawa" time="30.535" errors="0" timestamp="2025-06-26T13:37:50 IST" skipped="0">
  <testcase classname="org.batchexecution.Jawa" name="launch42Bobber" time="9.046">
    <system-out>
      <![CDATA[Launching 42Bobber official website]]>
    </system-out>
  </testcase> <!-- launch42Bobber -->
  <testcase classname="org.batchexecution.Jawa" name="launchPerak" time="21.489">
    <system-out>
      <![CDATA[Launching perak official website]]>
    </system-out>
  </testcase> <!-- launchPerak -->
  <system-out>
    <![CDATA[Launching R1 official website
Launching Haelry official website
Launching hayabusa official website
Launching 42Bobber official website
Launching perak official website]]>
  </system-out>
</testsuite> <!-- org.batchexecution.Jawa -->
