<?xml version="1.0" encoding="UTF-8"?>
<!-- Generated by org.testng.reporters.JUnitReportReporter -->
<testsuite hostname="DESKTOP-2J0GGEI" failures="0" tests="2" name="org.parallelExecution.Jawa" time="51.686" errors="0" timestamp="2025-06-26T13:41:38 IST" skipped="0">
  <testcase classname="org.parallelExecution.Jawa" name="launch42Bobber" time="25.600">
    <system-out>
      <![CDATA[Launching 42Bobber official website]]>
    </system-out>
  </testcase> <!-- launch42Bobber -->
  <testcase classname="org.parallelExecution.Jawa" name="launchPerak" time="26.086">
    <system-out>
      <![CDATA[Launching perak official website]]>
    </system-out>
  </testcase> <!-- launchPerak -->
  <system-out>
    <![CDATA[Launching Haelry official website
Launching 42Bobber official website
Launching R1 official website
Launching hayabusa official website
Launching perak official website]]>
  </system-out>
</testsuite> <!-- org.parallelExecution.Jawa -->
