<?xml version="1.0" encoding="UTF-8"?>
<!-- Generated by org.testng.reporters.JUnitReportReporter -->
<testsuite hostname="DESKTOP-2J0GGEI" failures="0" tests="2" name="org.crossBrowserExecutionclasses.MagicPin" time="20.371" errors="0" timestamp="2025-06-27T13:44:45 IST" skipped="0">
  <testcase classname="org.crossBrowserExecutionclasses.MagicPin" name="launchApplication" time="15.506"/>
  <testcase classname="org.crossBrowserExecutionclasses.MagicPin" name="launchApplication" time="4.865"/>
</testsuite> <!-- org.crossBrowserExecutionclasses.MagicPin -->
