<?xml version="1.0" encoding="UTF-8"?>
<!-- Generated by org.testng.reporters.JUnitReportReporter -->
<testsuite hostname="DESKTOP-2J0GGEI" failures="0" tests="1" name="org.groupExecutionClasses.AlluArjun" time="4.255" errors="0" timestamp="2025-06-30T08:47:25 IST" skipped="0">
  <testcase classname="org.groupExecutionClasses.AlluArjun" name="launchingHarleyBike" time="4.255">
    <system-out>
      <![CDATA[Launching Allu Arjun  wikipedia page]]>
    </system-out>
  </testcase> <!-- launchingHarleyBike -->
  <system-out>
    <![CDATA[Launching Yash  wikipedia page
Launching Allu Arjun  wikipedia page
Launching SRK  wikipedia page]]>
  </system-out>
</testsuite> <!-- org.groupExecutionClasses.AlluArjun -->
