<?xml version="1.0" encoding="UTF-8"?>
<!-- Generated by org.testng.reporters.JUnitReportReporter -->
<testsuite hostname="DESKTOP-2J0GGEI" failures="0" tests="3" name="org.testScript.UnderstandingTheTestNG" time="16.995" errors="0" timestamp="2025-06-24T13:58:20 IST" skipped="0">
  <testcase classname="org.testScript.UnderstandingTheTestNG" name="test3" time="3.361">
    <system-out>
      <![CDATA[test3()
Lunching Jmeter official website]]>
    </system-out>
  </testcase> <!-- test3 -->
  <testcase classname="org.testScript.UnderstandingTheTestNG" name="test1" time="5.039">
    <system-out>
      <![CDATA[test1()
Launching selenium official website]]>
    </system-out>
  </testcase> <!-- test1 -->
  <testcase classname="org.testScript.UnderstandingTheTestNG" name="test2" time="8.595">
    <system-out>
      <![CDATA[test2()
Launching java official website]]>
    </system-out>
  </testcase> <!-- test2 -->
  <system-out>
    <![CDATA[test2()
Launching java official website
test3()
Lunching Jmeter official website
test1()
Launching selenium official website]]>
  </system-out>
</testsuite> <!-- org.testScript.UnderstandingTheTestNG -->
