<?xml version="1.0" encoding="UTF-8"?>
<!-- Generated by org.testng.reporters.JUnitReportReporter -->
<testsuite hostname="DESKTOP-2J0GGEI" failures="0" tests="1" name="org.parallelExecution.Suzuki" time="29.782" errors="0" timestamp="2025-06-26T13:41:38 IST" skipped="0">
  <testcase classname="org.parallelExecution.Suzuki" name="launchHayabusa" time="29.782">
    <system-out>
      <![CDATA[Launching hayabusa official website]]>
    </system-out>
  </testcase> <!-- launchHayabusa -->
  <system-out>
    <![CDATA[Launching Haelry official website
Launching 42Bobber official website
Launching R1 official website
Launching hayabusa official website
Launching perak official website]]>
  </system-out>
</testsuite> <!-- org.parallelExecution.Suzuki -->
