<?xml version="1.0" encoding="UTF-8"?>
<!-- Generated by org.testng.reporters.JUnitReportReporter -->
<testsuite hostname="DESKTOP-2J0GGEI" failures="0" tests="1" name="org.testScript.AddSmartPhoneToCart" time="2.392" errors="0" timestamp="2025-07-07T22:46:28 IST" skipped="0">
  <testcase classname="org.testScript.AddSmartPhoneToCart" name="verify_smart_phone_is_added_to_cart" time="2.392">
    <system-out>
      <![CDATA[Electronics page Displayed]]>
    </system-out>
  </testcase> <!-- verify_smart_phone_is_added_to_cart -->
  <system-out>
    <![CDATA[Electronics page Displayed]]>
  </system-out>
</testsuite> <!-- org.testScript.AddSmartPhoneToCart -->
