<?xml version="1.0" encoding="UTF-8"?>
<!-- Generated by org.testng.reporters.JUnitReportReporter -->
<testsuite hostname="DESKTOP-2J0GGEI" failures="0" tests="1" name="org.groupExecutionClasses.SRK" time="4.176" errors="0" timestamp="2025-06-30T08:47:25 IST" skipped="0">
  <testcase classname="org.groupExecutionClasses.SRK" name="launchingSRK" time="4.176">
    <system-out>
      <![CDATA[Launching SRK  wikipedia page]]>
    </system-out>
  </testcase> <!-- launchingSRK -->
  <system-out>
    <![CDATA[Launching Yash  wikipedia page
Launching Allu Arjun  wikipedia page
Launching SRK  wikipedia page]]>
  </system-out>
</testsuite> <!-- org.groupExecutionClasses.SRK -->
