<?xml version="1.0" encoding="UTF-8"?>
<!-- Generated by org.testng.reporters.JUnitReportReporter -->
<testsuite hostname="DESKTOP-2J0GGEI" failures="0" tests="2" name="org.crossBrowserExecutionclasses.SharifBhai" time="44.981" errors="0" timestamp="2025-06-27T13:44:46 IST" skipped="0">
  <testcase classname="org.crossBrowserExecutionclasses.SharifBhai" name="launchApplication" time="23.898"/>
  <testcase classname="org.crossBrowserExecutionclasses.SharifBhai" name="launchApplication" time="21.083"/>
</testsuite> <!-- org.crossBrowserExecutionclasses.SharifBhai -->
