<?xml version="1.0" encoding="UTF-8"?>
<!-- Generated by org.testng.reporters.JUnitReportReporter -->
<testsuite hostname="DESKTOP-2J0GGEI" failures="0" tests="4" name="org.testScript.RegisterUsingDataProvider" time="22.378" errors="0" timestamp="2025-07-05T18:30:41 IST" skipped="0">
  <testcase classname="org.testScript.RegisterUsingDataProvider" name="register" time="5.080"/>
  <testcase classname="org.testScript.RegisterUsingDataProvider" name="register" time="5.418"/>
  <testcase classname="org.testScript.RegisterUsingDataProvider" name="register" time="6.503"/>
  <testcase classname="org.testScript.RegisterUsingDataProvider" name="register" time="5.377"/>
</testsuite> <!-- org.testScript.RegisterUsingDataProvider -->
