<?xml version="1.0" encoding="UTF-8"?>
<!-- Generated by org.testng.reporters.JUnitReportReporter -->
<testsuite hostname="DESKTOP-2J0GGEI" failures="0" tests="1" name="org.batchexecution.Suzuki" time="9.476" errors="0" timestamp="2025-06-26T13:37:50 IST" skipped="0">
  <testcase classname="org.batchexecution.Suzuki" name="launchHayabusa" time="9.476">
    <system-out>
      <![CDATA[Launching hayabusa official website]]>
    </system-out>
  </testcase> <!-- launchHayabusa -->
  <system-out>
    <![CDATA[Launching R1 official website
Launching Haelry official website
Launching hayabusa official website
Launching 42Bobber official website
Launching perak official website]]>
  </system-out>
</testsuite> <!-- org.batchexecution.Suzuki -->
